<?xml version="1.0" encoding="UTF-8"?>
<!-- Generated by org.testng.reporters.JUnitReportReporter -->
<testsuite skipped="0" hostname="DESKTOP-TA0RUPS" name="A_WebDriver_Basics.C_Chrome_Lauch" tests="1" failures="0" timestamp="19 Apr 2024 10:15:44 GMT" time="10.950" errors="0">
  <testcase name="Stringlaunch" time="10.950" classname="A_WebDriver_Basics.C_Chrome_Lauch"/>
</testsuite> <!-- A_WebDriver_Basics.C_Chrome_Lauch -->
